2013/03/19 08:47:59 [error] [exception.CDbException] could not find driver
2013/03/19 08:47:59 [error] [exception.CDbException] exception 'CDbException' with message 'CDbConnection failed to open the DB connection.' in E:\webroot\enginebase\framework\db\CDbConnection.php:387
Stack trace:
#0 E:\webroot\enginebase\framework\db\CDbConnection.php(330): CDbConnection->open()
#1 E:\webroot\enginebase\framework\db\CDbConnection.php(308): CDbConnection->setActive(true)
#2 E:\webroot\enginebase\framework\base\CModule.php(387): CDbConnection->init()
#3 E:\webroot\enginebase\framework\base\CApplication.php(438): CModule->getComponent('db')
#4 E:\webroot\enginebase\framework\db\ar\CActiveRecord.php(623): CApplication->getDb()
#5 E:\webroot\enginebase\framework\db\ar\CActiveRecord.php(2309): CActiveRecord->getDbConnection()
#6 E:\webroot\enginebase\framework\db\ar\CActiveRecord.php(387): CActiveRecordMetaData->__construct(Object(Post))
#7 E:\webroot\enginebase\framework\web\CActiveDataProvider.php(74): CActiveRecord::model('Post')
#8 E:\webroot\enginebase\demos\blog\protected\controllers\PostController.php(132): CActiveDataProvider->__construct('Post', Array)
#9 E:\webroot\enginebase\framework\web\actions\CInlineAction.php(49): PostController->actionIndex()
#10 E:\webroot\enginebase\framework\web\CController.php(308): CInlineAction->runWithParams(Array)
#11 E:\webroot\enginebase\framework\web\filters\CFilterChain.php(133): CController->runAction(Object(CInlineAction))
#12 E:\webroot\enginebase\framework\web\filters\CFilter.php(40): CFilterChain->run()
#13 E:\webroot\enginebase\framework\web\CController.php(1145): CFilter->filter(Object(CFilterChain))
#14 E:\webroot\enginebase\framework\web\filters\CInlineFilter.php(58): CController->filterAccessControl(Object(CFilterChain))
#15 E:\webroot\enginebase\framework\web\filters\CFilterChain.php(130): CInlineFilter->filter(Object(CFilterChain))
#16 E:\webroot\enginebase\framework\web\CController.php(291): CFilterChain->run()
#17 E:\webroot\enginebase\framework\web\CController.php(265): CController->runActionWithFilters(Object(CInlineAction), Array)
#18 E:\webroot\enginebase\framework\web\CWebApplication.php(282): CController->run('')
#19 E:\webroot\enginebase\framework\web\CWebApplication.php(141): CWebApplication->runController('')
#20 E:\webroot\enginebase\framework\base\CApplication.php(169): CWebApplication->processRequest()
#21 E:\webroot\enginebase\demos\blog\index.php(11): CApplication->run()
#22 {main}
REQUEST_URI=/enginebase/demos/blog/
---
2013/03/19 08:48:09 [error] [exception.CDbException] could not find driver
2013/03/19 08:48:09 [error] [exception.CDbException] exception 'CDbException' with message 'CDbConnection failed to open the DB connection.' in E:\webroot\enginebase\framework\db\CDbConnection.php:387
Stack trace:
#0 E:\webroot\enginebase\framework\db\CDbConnection.php(330): CDbConnection->open()
#1 E:\webroot\enginebase\framework\db\CDbConnection.php(308): CDbConnection->setActive(true)
#2 E:\webroot\enginebase\framework\base\CModule.php(387): CDbConnection->init()
#3 E:\webroot\enginebase\framework\base\CApplication.php(438): CModule->getComponent('db')
#4 E:\webroot\enginebase\framework\db\ar\CActiveRecord.php(623): CApplication->getDb()
#5 E:\webroot\enginebase\framework\db\ar\CActiveRecord.php(2309): CActiveRecord->getDbConnection()
#6 E:\webroot\enginebase\framework\db\ar\CActiveRecord.php(387): CActiveRecordMetaData->__construct(Object(Post))
#7 E:\webroot\enginebase\framework\web\CActiveDataProvider.php(74): CActiveRecord::model('Post')
#8 E:\webroot\enginebase\demos\blog\protected\controllers\PostController.php(132): CActiveDataProvider->__construct('Post', Array)
#9 E:\webroot\enginebase\framework\web\actions\CInlineAction.php(49): PostController->actionIndex()
#10 E:\webroot\enginebase\framework\web\CController.php(308): CInlineAction->runWithParams(Array)
#11 E:\webroot\enginebase\framework\web\filters\CFilterChain.php(133): CController->runAction(Object(CInlineAction))
#12 E:\webroot\enginebase\framework\web\filters\CFilter.php(40): CFilterChain->run()
#13 E:\webroot\enginebase\framework\web\CController.php(1145): CFilter->filter(Object(CFilterChain))
#14 E:\webroot\enginebase\framework\web\filters\CInlineFilter.php(58): CController->filterAccessControl(Object(CFilterChain))
#15 E:\webroot\enginebase\framework\web\filters\CFilterChain.php(130): CInlineFilter->filter(Object(CFilterChain))
#16 E:\webroot\enginebase\framework\web\CController.php(291): CFilterChain->run()
#17 E:\webroot\enginebase\framework\web\CController.php(265): CController->runActionWithFilters(Object(CInlineAction), Array)
#18 E:\webroot\enginebase\framework\web\CWebApplication.php(282): CController->run('')
#19 E:\webroot\enginebase\framework\web\CWebApplication.php(141): CWebApplication->runController('')
#20 E:\webroot\enginebase\framework\base\CApplication.php(169): CWebApplication->processRequest()
#21 E:\webroot\enginebase\demos\blog\index.php(11): CApplication->run()
#22 {main}
REQUEST_URI=/enginebase/demos/blog/
---
2013/03/19 08:48:12 [error] [exception.CDbException] could not find driver
2013/03/19 08:48:12 [error] [exception.CDbException] exception 'CDbException' with message 'CDbConnection failed to open the DB connection.' in E:\webroot\enginebase\framework\db\CDbConnection.php:387
Stack trace:
#0 E:\webroot\enginebase\framework\db\CDbConnection.php(330): CDbConnection->open()
#1 E:\webroot\enginebase\framework\db\CDbConnection.php(308): CDbConnection->setActive(true)
#2 E:\webroot\enginebase\framework\base\CModule.php(387): CDbConnection->init()
#3 E:\webroot\enginebase\framework\base\CApplication.php(438): CModule->getComponent('db')
#4 E:\webroot\enginebase\framework\db\ar\CActiveRecord.php(623): CApplication->getDb()
#5 E:\webroot\enginebase\framework\db\ar\CActiveRecord.php(2309): CActiveRecord->getDbConnection()
#6 E:\webroot\enginebase\framework\db\ar\CActiveRecord.php(387): CActiveRecordMetaData->__construct(Object(Post))
#7 E:\webroot\enginebase\framework\web\CActiveDataProvider.php(74): CActiveRecord::model('Post')
#8 E:\webroot\enginebase\demos\blog\protected\controllers\PostController.php(132): CActiveDataProvider->__construct('Post', Array)
#9 E:\webroot\enginebase\framework\web\actions\CInlineAction.php(49): PostController->actionIndex()
#10 E:\webroot\enginebase\framework\web\CController.php(308): CInlineAction->runWithParams(Array)
#11 E:\webroot\enginebase\framework\web\filters\CFilterChain.php(133): CController->runAction(Object(CInlineAction))
#12 E:\webroot\enginebase\framework\web\filters\CFilter.php(40): CFilterChain->run()
#13 E:\webroot\enginebase\framework\web\CController.php(1145): CFilter->filter(Object(CFilterChain))
#14 E:\webroot\enginebase\framework\web\filters\CInlineFilter.php(58): CController->filterAccessControl(Object(CFilterChain))
#15 E:\webroot\enginebase\framework\web\filters\CFilterChain.php(130): CInlineFilter->filter(Object(CFilterChain))
#16 E:\webroot\enginebase\framework\web\CController.php(291): CFilterChain->run()
#17 E:\webroot\enginebase\framework\web\CController.php(265): CController->runActionWithFilters(Object(CInlineAction), Array)
#18 E:\webroot\enginebase\framework\web\CWebApplication.php(282): CController->run('')
#19 E:\webroot\enginebase\framework\web\CWebApplication.php(141): CWebApplication->runController('')
#20 E:\webroot\enginebase\framework\base\CApplication.php(169): CWebApplication->processRequest()
#21 E:\webroot\enginebase\demos\blog\index.php(11): CApplication->run()
#22 {main}
REQUEST_URI=/enginebase/demos/blog/
---
2013/03/19 08:48:13 [error] [exception.CDbException] could not find driver
2013/03/19 08:48:13 [error] [exception.CDbException] exception 'CDbException' with message 'CDbConnection failed to open the DB connection.' in E:\webroot\enginebase\framework\db\CDbConnection.php:387
Stack trace:
#0 E:\webroot\enginebase\framework\db\CDbConnection.php(330): CDbConnection->open()
#1 E:\webroot\enginebase\framework\db\CDbConnection.php(308): CDbConnection->setActive(true)
#2 E:\webroot\enginebase\framework\base\CModule.php(387): CDbConnection->init()
#3 E:\webroot\enginebase\framework\base\CApplication.php(438): CModule->getComponent('db')
#4 E:\webroot\enginebase\framework\db\ar\CActiveRecord.php(623): CApplication->getDb()
#5 E:\webroot\enginebase\framework\db\ar\CActiveRecord.php(2309): CActiveRecord->getDbConnection()
#6 E:\webroot\enginebase\framework\db\ar\CActiveRecord.php(387): CActiveRecordMetaData->__construct(Object(Post))
#7 E:\webroot\enginebase\framework\web\CActiveDataProvider.php(74): CActiveRecord::model('Post')
#8 E:\webroot\enginebase\demos\blog\protected\controllers\PostController.php(132): CActiveDataProvider->__construct('Post', Array)
#9 E:\webroot\enginebase\framework\web\actions\CInlineAction.php(49): PostController->actionIndex()
#10 E:\webroot\enginebase\framework\web\CController.php(308): CInlineAction->runWithParams(Array)
#11 E:\webroot\enginebase\framework\web\filters\CFilterChain.php(133): CController->runAction(Object(CInlineAction))
#12 E:\webroot\enginebase\framework\web\filters\CFilter.php(40): CFilterChain->run()
#13 E:\webroot\enginebase\framework\web\CController.php(1145): CFilter->filter(Object(CFilterChain))
#14 E:\webroot\enginebase\framework\web\filters\CInlineFilter.php(58): CController->filterAccessControl(Object(CFilterChain))
#15 E:\webroot\enginebase\framework\web\filters\CFilterChain.php(130): CInlineFilter->filter(Object(CFilterChain))
#16 E:\webroot\enginebase\framework\web\CController.php(291): CFilterChain->run()
#17 E:\webroot\enginebase\framework\web\CController.php(265): CController->runActionWithFilters(Object(CInlineAction), Array)
#18 E:\webroot\enginebase\framework\web\CWebApplication.php(282): CController->run('')
#19 E:\webroot\enginebase\framework\web\CWebApplication.php(141): CWebApplication->runController('')
#20 E:\webroot\enginebase\framework\base\CApplication.php(169): CWebApplication->processRequest()
#21 E:\webroot\enginebase\demos\blog\index.php(11): CApplication->run()
#22 {main}
REQUEST_URI=/enginebase/demos/blog/
---
2013/03/19 08:48:13 [error] [exception.CDbException] could not find driver
2013/03/19 08:48:13 [error] [exception.CDbException] exception 'CDbException' with message 'CDbConnection failed to open the DB connection.' in E:\webroot\enginebase\framework\db\CDbConnection.php:387
Stack trace:
#0 E:\webroot\enginebase\framework\db\CDbConnection.php(330): CDbConnection->open()
#1 E:\webroot\enginebase\framework\db\CDbConnection.php(308): CDbConnection->setActive(true)
#2 E:\webroot\enginebase\framework\base\CModule.php(387): CDbConnection->init()
#3 E:\webroot\enginebase\framework\base\CApplication.php(438): CModule->getComponent('db')
#4 E:\webroot\enginebase\framework\db\ar\CActiveRecord.php(623): CApplication->getDb()
#5 E:\webroot\enginebase\framework\db\ar\CActiveRecord.php(2309): CActiveRecord->getDbConnection()
#6 E:\webroot\enginebase\framework\db\ar\CActiveRecord.php(387): CActiveRecordMetaData->__construct(Object(Post))
#7 E:\webroot\enginebase\framework\web\CActiveDataProvider.php(74): CActiveRecord::model('Post')
#8 E:\webroot\enginebase\demos\blog\protected\controllers\PostController.php(132): CActiveDataProvider->__construct('Post', Array)
#9 E:\webroot\enginebase\framework\web\actions\CInlineAction.php(49): PostController->actionIndex()
#10 E:\webroot\enginebase\framework\web\CController.php(308): CInlineAction->runWithParams(Array)
#11 E:\webroot\enginebase\framework\web\filters\CFilterChain.php(133): CController->runAction(Object(CInlineAction))
#12 E:\webroot\enginebase\framework\web\filters\CFilter.php(40): CFilterChain->run()
#13 E:\webroot\enginebase\framework\web\CController.php(1145): CFilter->filter(Object(CFilterChain))
#14 E:\webroot\enginebase\framework\web\filters\CInlineFilter.php(58): CController->filterAccessControl(Object(CFilterChain))
#15 E:\webroot\enginebase\framework\web\filters\CFilterChain.php(130): CInlineFilter->filter(Object(CFilterChain))
#16 E:\webroot\enginebase\framework\web\CController.php(291): CFilterChain->run()
#17 E:\webroot\enginebase\framework\web\CController.php(265): CController->runActionWithFilters(Object(CInlineAction), Array)
#18 E:\webroot\enginebase\framework\web\CWebApplication.php(282): CController->run('')
#19 E:\webroot\enginebase\framework\web\CWebApplication.php(141): CWebApplication->runController('')
#20 E:\webroot\enginebase\framework\base\CApplication.php(169): CWebApplication->processRequest()
#21 E:\webroot\enginebase\demos\blog\index.php(11): CApplication->run()
#22 {main}
REQUEST_URI=/enginebase/demos/blog/
---
2013/03/19 08:48:13 [error] [exception.CDbException] could not find driver
2013/03/19 08:48:13 [error] [exception.CDbException] exception 'CDbException' with message 'CDbConnection failed to open the DB connection.' in E:\webroot\enginebase\framework\db\CDbConnection.php:387
Stack trace:
#0 E:\webroot\enginebase\framework\db\CDbConnection.php(330): CDbConnection->open()
#1 E:\webroot\enginebase\framework\db\CDbConnection.php(308): CDbConnection->setActive(true)
#2 E:\webroot\enginebase\framework\base\CModule.php(387): CDbConnection->init()
#3 E:\webroot\enginebase\framework\base\CApplication.php(438): CModule->getComponent('db')
#4 E:\webroot\enginebase\framework\db\ar\CActiveRecord.php(623): CApplication->getDb()
#5 E:\webroot\enginebase\framework\db\ar\CActiveRecord.php(2309): CActiveRecord->getDbConnection()
#6 E:\webroot\enginebase\framework\db\ar\CActiveRecord.php(387): CActiveRecordMetaData->__construct(Object(Post))
#7 E:\webroot\enginebase\framework\web\CActiveDataProvider.php(74): CActiveRecord::model('Post')
#8 E:\webroot\enginebase\demos\blog\protected\controllers\PostController.php(132): CActiveDataProvider->__construct('Post', Array)
#9 E:\webroot\enginebase\framework\web\actions\CInlineAction.php(49): PostController->actionIndex()
#10 E:\webroot\enginebase\framework\web\CController.php(308): CInlineAction->runWithParams(Array)
#11 E:\webroot\enginebase\framework\web\filters\CFilterChain.php(133): CController->runAction(Object(CInlineAction))
#12 E:\webroot\enginebase\framework\web\filters\CFilter.php(40): CFilterChain->run()
#13 E:\webroot\enginebase\framework\web\CController.php(1145): CFilter->filter(Object(CFilterChain))
#14 E:\webroot\enginebase\framework\web\filters\CInlineFilter.php(58): CController->filterAccessControl(Object(CFilterChain))
#15 E:\webroot\enginebase\framework\web\filters\CFilterChain.php(130): CInlineFilter->filter(Object(CFilterChain))
#16 E:\webroot\enginebase\framework\web\CController.php(291): CFilterChain->run()
#17 E:\webroot\enginebase\framework\web\CController.php(265): CController->runActionWithFilters(Object(CInlineAction), Array)
#18 E:\webroot\enginebase\framework\web\CWebApplication.php(282): CController->run('')
#19 E:\webroot\enginebase\framework\web\CWebApplication.php(141): CWebApplication->runController('')
#20 E:\webroot\enginebase\framework\base\CApplication.php(169): CWebApplication->processRequest()
#21 E:\webroot\enginebase\demos\blog\index.php(11): CApplication->run()
#22 {main}
REQUEST_URI=/enginebase/demos/blog/
---
2013/03/19 08:48:13 [error] [exception.CDbException] could not find driver
2013/03/19 08:48:13 [error] [exception.CDbException] exception 'CDbException' with message 'CDbConnection failed to open the DB connection.' in E:\webroot\enginebase\framework\db\CDbConnection.php:387
Stack trace:
#0 E:\webroot\enginebase\framework\db\CDbConnection.php(330): CDbConnection->open()
#1 E:\webroot\enginebase\framework\db\CDbConnection.php(308): CDbConnection->setActive(true)
#2 E:\webroot\enginebase\framework\base\CModule.php(387): CDbConnection->init()
#3 E:\webroot\enginebase\framework\base\CApplication.php(438): CModule->getComponent('db')
#4 E:\webroot\enginebase\framework\db\ar\CActiveRecord.php(623): CApplication->getDb()
#5 E:\webroot\enginebase\framework\db\ar\CActiveRecord.php(2309): CActiveRecord->getDbConnection()
#6 E:\webroot\enginebase\framework\db\ar\CActiveRecord.php(387): CActiveRecordMetaData->__construct(Object(Post))
#7 E:\webroot\enginebase\framework\web\CActiveDataProvider.php(74): CActiveRecord::model('Post')
#8 E:\webroot\enginebase\demos\blog\protected\controllers\PostController.php(132): CActiveDataProvider->__construct('Post', Array)
#9 E:\webroot\enginebase\framework\web\actions\CInlineAction.php(49): PostController->actionIndex()
#10 E:\webroot\enginebase\framework\web\CController.php(308): CInlineAction->runWithParams(Array)
#11 E:\webroot\enginebase\framework\web\filters\CFilterChain.php(133): CController->runAction(Object(CInlineAction))
#12 E:\webroot\enginebase\framework\web\filters\CFilter.php(40): CFilterChain->run()
#13 E:\webroot\enginebase\framework\web\CController.php(1145): CFilter->filter(Object(CFilterChain))
#14 E:\webroot\enginebase\framework\web\filters\CInlineFilter.php(58): CController->filterAccessControl(Object(CFilterChain))
#15 E:\webroot\enginebase\framework\web\filters\CFilterChain.php(130): CInlineFilter->filter(Object(CFilterChain))
#16 E:\webroot\enginebase\framework\web\CController.php(291): CFilterChain->run()
#17 E:\webroot\enginebase\framework\web\CController.php(265): CController->runActionWithFilters(Object(CInlineAction), Array)
#18 E:\webroot\enginebase\framework\web\CWebApplication.php(282): CController->run('')
#19 E:\webroot\enginebase\framework\web\CWebApplication.php(141): CWebApplication->runController('')
#20 E:\webroot\enginebase\framework\base\CApplication.php(169): CWebApplication->processRequest()
#21 E:\webroot\enginebase\demos\blog\index.php(11): CApplication->run()
#22 {main}
REQUEST_URI=/enginebase/demos/blog/
---
2013/03/19 08:48:14 [error] [exception.CDbException] could not find driver
2013/03/19 08:48:14 [error] [exception.CDbException] exception 'CDbException' with message 'CDbConnection failed to open the DB connection.' in E:\webroot\enginebase\framework\db\CDbConnection.php:387
Stack trace:
#0 E:\webroot\enginebase\framework\db\CDbConnection.php(330): CDbConnection->open()
#1 E:\webroot\enginebase\framework\db\CDbConnection.php(308): CDbConnection->setActive(true)
#2 E:\webroot\enginebase\framework\base\CModule.php(387): CDbConnection->init()
#3 E:\webroot\enginebase\framework\base\CApplication.php(438): CModule->getComponent('db')
#4 E:\webroot\enginebase\framework\db\ar\CActiveRecord.php(623): CApplication->getDb()
#5 E:\webroot\enginebase\framework\db\ar\CActiveRecord.php(2309): CActiveRecord->getDbConnection()
#6 E:\webroot\enginebase\framework\db\ar\CActiveRecord.php(387): CActiveRecordMetaData->__construct(Object(Post))
#7 E:\webroot\enginebase\framework\web\CActiveDataProvider.php(74): CActiveRecord::model('Post')
#8 E:\webroot\enginebase\demos\blog\protected\controllers\PostController.php(132): CActiveDataProvider->__construct('Post', Array)
#9 E:\webroot\enginebase\framework\web\actions\CInlineAction.php(49): PostController->actionIndex()
#10 E:\webroot\enginebase\framework\web\CController.php(308): CInlineAction->runWithParams(Array)
#11 E:\webroot\enginebase\framework\web\filters\CFilterChain.php(133): CController->runAction(Object(CInlineAction))
#12 E:\webroot\enginebase\framework\web\filters\CFilter.php(40): CFilterChain->run()
#13 E:\webroot\enginebase\framework\web\CController.php(1145): CFilter->filter(Object(CFilterChain))
#14 E:\webroot\enginebase\framework\web\filters\CInlineFilter.php(58): CController->filterAccessControl(Object(CFilterChain))
#15 E:\webroot\enginebase\framework\web\filters\CFilterChain.php(130): CInlineFilter->filter(Object(CFilterChain))
#16 E:\webroot\enginebase\framework\web\CController.php(291): CFilterChain->run()
#17 E:\webroot\enginebase\framework\web\CController.php(265): CController->runActionWithFilters(Object(CInlineAction), Array)
#18 E:\webroot\enginebase\framework\web\CWebApplication.php(282): CController->run('')
#19 E:\webroot\enginebase\framework\web\CWebApplication.php(141): CWebApplication->runController('')
#20 E:\webroot\enginebase\framework\base\CApplication.php(169): CWebApplication->processRequest()
#21 E:\webroot\enginebase\demos\blog\index.php(11): CApplication->run()
#22 {main}
REQUEST_URI=/enginebase/demos/blog/
---
2013/03/19 08:48:14 [error] [exception.CDbException] could not find driver
2013/03/19 08:48:14 [error] [exception.CDbException] exception 'CDbException' with message 'CDbConnection failed to open the DB connection.' in E:\webroot\enginebase\framework\db\CDbConnection.php:387
Stack trace:
#0 E:\webroot\enginebase\framework\db\CDbConnection.php(330): CDbConnection->open()
#1 E:\webroot\enginebase\framework\db\CDbConnection.php(308): CDbConnection->setActive(true)
#2 E:\webroot\enginebase\framework\base\CModule.php(387): CDbConnection->init()
#3 E:\webroot\enginebase\framework\base\CApplication.php(438): CModule->getComponent('db')
#4 E:\webroot\enginebase\framework\db\ar\CActiveRecord.php(623): CApplication->getDb()
#5 E:\webroot\enginebase\framework\db\ar\CActiveRecord.php(2309): CActiveRecord->getDbConnection()
#6 E:\webroot\enginebase\framework\db\ar\CActiveRecord.php(387): CActiveRecordMetaData->__construct(Object(Post))
#7 E:\webroot\enginebase\framework\web\CActiveDataProvider.php(74): CActiveRecord::model('Post')
#8 E:\webroot\enginebase\demos\blog\protected\controllers\PostController.php(132): CActiveDataProvider->__construct('Post', Array)
#9 E:\webroot\enginebase\framework\web\actions\CInlineAction.php(49): PostController->actionIndex()
#10 E:\webroot\enginebase\framework\web\CController.php(308): CInlineAction->runWithParams(Array)
#11 E:\webroot\enginebase\framework\web\filters\CFilterChain.php(133): CController->runAction(Object(CInlineAction))
#12 E:\webroot\enginebase\framework\web\filters\CFilter.php(40): CFilterChain->run()
#13 E:\webroot\enginebase\framework\web\CController.php(1145): CFilter->filter(Object(CFilterChain))
#14 E:\webroot\enginebase\framework\web\filters\CInlineFilter.php(58): CController->filterAccessControl(Object(CFilterChain))
#15 E:\webroot\enginebase\framework\web\filters\CFilterChain.php(130): CInlineFilter->filter(Object(CFilterChain))
#16 E:\webroot\enginebase\framework\web\CController.php(291): CFilterChain->run()
#17 E:\webroot\enginebase\framework\web\CController.php(265): CController->runActionWithFilters(Object(CInlineAction), Array)
#18 E:\webroot\enginebase\framework\web\CWebApplication.php(282): CController->run('')
#19 E:\webroot\enginebase\framework\web\CWebApplication.php(141): CWebApplication->runController('')
#20 E:\webroot\enginebase\framework\base\CApplication.php(169): CWebApplication->processRequest()
#21 E:\webroot\enginebase\demos\blog\index.php(11): CApplication->run()
#22 {main}
REQUEST_URI=/enginebase/demos/blog/
---
2013/03/19 08:48:15 [error] [exception.CDbException] could not find driver
2013/03/19 08:48:15 [error] [exception.CDbException] exception 'CDbException' with message 'CDbConnection failed to open the DB connection.' in E:\webroot\enginebase\framework\db\CDbConnection.php:387
Stack trace:
#0 E:\webroot\enginebase\framework\db\CDbConnection.php(330): CDbConnection->open()
#1 E:\webroot\enginebase\framework\db\CDbConnection.php(308): CDbConnection->setActive(true)
#2 E:\webroot\enginebase\framework\base\CModule.php(387): CDbConnection->init()
#3 E:\webroot\enginebase\framework\base\CApplication.php(438): CModule->getComponent('db')
#4 E:\webroot\enginebase\framework\db\ar\CActiveRecord.php(623): CApplication->getDb()
#5 E:\webroot\enginebase\framework\db\ar\CActiveRecord.php(2309): CActiveRecord->getDbConnection()
#6 E:\webroot\enginebase\framework\db\ar\CActiveRecord.php(387): CActiveRecordMetaData->__construct(Object(Post))
#7 E:\webroot\enginebase\framework\web\CActiveDataProvider.php(74): CActiveRecord::model('Post')
#8 E:\webroot\enginebase\demos\blog\protected\controllers\PostController.php(132): CActiveDataProvider->__construct('Post', Array)
#9 E:\webroot\enginebase\framework\web\actions\CInlineAction.php(49): PostController->actionIndex()
#10 E:\webroot\enginebase\framework\web\CController.php(308): CInlineAction->runWithParams(Array)
#11 E:\webroot\enginebase\framework\web\filters\CFilterChain.php(133): CController->runAction(Object(CInlineAction))
#12 E:\webroot\enginebase\framework\web\filters\CFilter.php(40): CFilterChain->run()
#13 E:\webroot\enginebase\framework\web\CController.php(1145): CFilter->filter(Object(CFilterChain))
#14 E:\webroot\enginebase\framework\web\filters\CInlineFilter.php(58): CController->filterAccessControl(Object(CFilterChain))
#15 E:\webroot\enginebase\framework\web\filters\CFilterChain.php(130): CInlineFilter->filter(Object(CFilterChain))
#16 E:\webroot\enginebase\framework\web\CController.php(291): CFilterChain->run()
#17 E:\webroot\enginebase\framework\web\CController.php(265): CController->runActionWithFilters(Object(CInlineAction), Array)
#18 E:\webroot\enginebase\framework\web\CWebApplication.php(282): CController->run('')
#19 E:\webroot\enginebase\framework\web\CWebApplication.php(141): CWebApplication->runController('')
#20 E:\webroot\enginebase\framework\base\CApplication.php(169): CWebApplication->processRequest()
#21 E:\webroot\enginebase\demos\blog\index.php(11): CApplication->run()
#22 {main}
REQUEST_URI=/enginebase/demos/blog/
---
2013/03/19 08:48:16 [error] [exception.CDbException] could not find driver
2013/03/19 08:48:16 [error] [exception.CDbException] exception 'CDbException' with message 'CDbConnection failed to open the DB connection.' in E:\webroot\enginebase\framework\db\CDbConnection.php:387
Stack trace:
#0 E:\webroot\enginebase\framework\db\CDbConnection.php(330): CDbConnection->open()
#1 E:\webroot\enginebase\framework\db\CDbConnection.php(308): CDbConnection->setActive(true)
#2 E:\webroot\enginebase\framework\base\CModule.php(387): CDbConnection->init()
#3 E:\webroot\enginebase\framework\base\CApplication.php(438): CModule->getComponent('db')
#4 E:\webroot\enginebase\framework\db\ar\CActiveRecord.php(623): CApplication->getDb()
#5 E:\webroot\enginebase\framework\db\ar\CActiveRecord.php(2309): CActiveRecord->getDbConnection()
#6 E:\webroot\enginebase\framework\db\ar\CActiveRecord.php(387): CActiveRecordMetaData->__construct(Object(Post))
#7 E:\webroot\enginebase\framework\web\CActiveDataProvider.php(74): CActiveRecord::model('Post')
#8 E:\webroot\enginebase\demos\blog\protected\controllers\PostController.php(132): CActiveDataProvider->__construct('Post', Array)
#9 E:\webroot\enginebase\framework\web\actions\CInlineAction.php(49): PostController->actionIndex()
#10 E:\webroot\enginebase\framework\web\CController.php(308): CInlineAction->runWithParams(Array)
#11 E:\webroot\enginebase\framework\web\filters\CFilterChain.php(133): CController->runAction(Object(CInlineAction))
#12 E:\webroot\enginebase\framework\web\filters\CFilter.php(40): CFilterChain->run()
#13 E:\webroot\enginebase\framework\web\CController.php(1145): CFilter->filter(Object(CFilterChain))
#14 E:\webroot\enginebase\framework\web\filters\CInlineFilter.php(58): CController->filterAccessControl(Object(CFilterChain))
#15 E:\webroot\enginebase\framework\web\filters\CFilterChain.php(130): CInlineFilter->filter(Object(CFilterChain))
#16 E:\webroot\enginebase\framework\web\CController.php(291): CFilterChain->run()
#17 E:\webroot\enginebase\framework\web\CController.php(265): CController->runActionWithFilters(Object(CInlineAction), Array)
#18 E:\webroot\enginebase\framework\web\CWebApplication.php(282): CController->run('')
#19 E:\webroot\enginebase\framework\web\CWebApplication.php(141): CWebApplication->runController('')
#20 E:\webroot\enginebase\framework\base\CApplication.php(169): CWebApplication->processRequest()
#21 E:\webroot\enginebase\demos\blog\index.php(11): CApplication->run()
#22 {main}
REQUEST_URI=/enginebase/demos/blog/
---
2013/03/19 08:48:16 [error] [exception.CDbException] could not find driver
2013/03/19 08:48:16 [error] [exception.CDbException] exception 'CDbException' with message 'CDbConnection failed to open the DB connection.' in E:\webroot\enginebase\framework\db\CDbConnection.php:387
Stack trace:
#0 E:\webroot\enginebase\framework\db\CDbConnection.php(330): CDbConnection->open()
#1 E:\webroot\enginebase\framework\db\CDbConnection.php(308): CDbConnection->setActive(true)
#2 E:\webroot\enginebase\framework\base\CModule.php(387): CDbConnection->init()
#3 E:\webroot\enginebase\framework\base\CApplication.php(438): CModule->getComponent('db')
#4 E:\webroot\enginebase\framework\db\ar\CActiveRecord.php(623): CApplication->getDb()
#5 E:\webroot\enginebase\framework\db\ar\CActiveRecord.php(2309): CActiveRecord->getDbConnection()
#6 E:\webroot\enginebase\framework\db\ar\CActiveRecord.php(387): CActiveRecordMetaData->__construct(Object(Post))
#7 E:\webroot\enginebase\framework\web\CActiveDataProvider.php(74): CActiveRecord::model('Post')
#8 E:\webroot\enginebase\demos\blog\protected\controllers\PostController.php(132): CActiveDataProvider->__construct('Post', Array)
#9 E:\webroot\enginebase\framework\web\actions\CInlineAction.php(49): PostController->actionIndex()
#10 E:\webroot\enginebase\framework\web\CController.php(308): CInlineAction->runWithParams(Array)
#11 E:\webroot\enginebase\framework\web\filters\CFilterChain.php(133): CController->runAction(Object(CInlineAction))
#12 E:\webroot\enginebase\framework\web\filters\CFilter.php(40): CFilterChain->run()
#13 E:\webroot\enginebase\framework\web\CController.php(1145): CFilter->filter(Object(CFilterChain))
#14 E:\webroot\enginebase\framework\web\filters\CInlineFilter.php(58): CController->filterAccessControl(Object(CFilterChain))
#15 E:\webroot\enginebase\framework\web\filters\CFilterChain.php(130): CInlineFilter->filter(Object(CFilterChain))
#16 E:\webroot\enginebase\framework\web\CController.php(291): CFilterChain->run()
#17 E:\webroot\enginebase\framework\web\CController.php(265): CController->runActionWithFilters(Object(CInlineAction), Array)
#18 E:\webroot\enginebase\framework\web\CWebApplication.php(282): CController->run('')
#19 E:\webroot\enginebase\framework\web\CWebApplication.php(141): CWebApplication->runController('')
#20 E:\webroot\enginebase\framework\base\CApplication.php(169): CWebApplication->processRequest()
#21 E:\webroot\enginebase\demos\blog\index.php(11): CApplication->run()
#22 {main}
REQUEST_URI=/enginebase/demos/blog/
---
2013/03/19 08:48:16 [error] [exception.CDbException] could not find driver
2013/03/19 08:48:16 [error] [exception.CDbException] exception 'CDbException' with message 'CDbConnection failed to open the DB connection.' in E:\webroot\enginebase\framework\db\CDbConnection.php:387
Stack trace:
#0 E:\webroot\enginebase\framework\db\CDbConnection.php(330): CDbConnection->open()
#1 E:\webroot\enginebase\framework\db\CDbConnection.php(308): CDbConnection->setActive(true)
#2 E:\webroot\enginebase\framework\base\CModule.php(387): CDbConnection->init()
#3 E:\webroot\enginebase\framework\base\CApplication.php(438): CModule->getComponent('db')
#4 E:\webroot\enginebase\framework\db\ar\CActiveRecord.php(623): CApplication->getDb()
#5 E:\webroot\enginebase\framework\db\ar\CActiveRecord.php(2309): CActiveRecord->getDbConnection()
#6 E:\webroot\enginebase\framework\db\ar\CActiveRecord.php(387): CActiveRecordMetaData->__construct(Object(Post))
#7 E:\webroot\enginebase\framework\web\CActiveDataProvider.php(74): CActiveRecord::model('Post')
#8 E:\webroot\enginebase\demos\blog\protected\controllers\PostController.php(132): CActiveDataProvider->__construct('Post', Array)
#9 E:\webroot\enginebase\framework\web\actions\CInlineAction.php(49): PostController->actionIndex()
#10 E:\webroot\enginebase\framework\web\CController.php(308): CInlineAction->runWithParams(Array)
#11 E:\webroot\enginebase\framework\web\filters\CFilterChain.php(133): CController->runAction(Object(CInlineAction))
#12 E:\webroot\enginebase\framework\web\filters\CFilter.php(40): CFilterChain->run()
#13 E:\webroot\enginebase\framework\web\CController.php(1145): CFilter->filter(Object(CFilterChain))
#14 E:\webroot\enginebase\framework\web\filters\CInlineFilter.php(58): CController->filterAccessControl(Object(CFilterChain))
#15 E:\webroot\enginebase\framework\web\filters\CFilterChain.php(130): CInlineFilter->filter(Object(CFilterChain))
#16 E:\webroot\enginebase\framework\web\CController.php(291): CFilterChain->run()
#17 E:\webroot\enginebase\framework\web\CController.php(265): CController->runActionWithFilters(Object(CInlineAction), Array)
#18 E:\webroot\enginebase\framework\web\CWebApplication.php(282): CController->run('')
#19 E:\webroot\enginebase\framework\web\CWebApplication.php(141): CWebApplication->runController('')
#20 E:\webroot\enginebase\framework\base\CApplication.php(169): CWebApplication->processRequest()
#21 E:\webroot\enginebase\demos\blog\index.php(11): CApplication->run()
#22 {main}
REQUEST_URI=/enginebase/demos/blog/
---
2013/03/19 08:48:16 [error] [exception.CDbException] could not find driver
2013/03/19 08:48:16 [error] [exception.CDbException] exception 'CDbException' with message 'CDbConnection failed to open the DB connection.' in E:\webroot\enginebase\framework\db\CDbConnection.php:387
Stack trace:
#0 E:\webroot\enginebase\framework\db\CDbConnection.php(330): CDbConnection->open()
#1 E:\webroot\enginebase\framework\db\CDbConnection.php(308): CDbConnection->setActive(true)
#2 E:\webroot\enginebase\framework\base\CModule.php(387): CDbConnection->init()
#3 E:\webroot\enginebase\framework\base\CApplication.php(438): CModule->getComponent('db')
#4 E:\webroot\enginebase\framework\db\ar\CActiveRecord.php(623): CApplication->getDb()
#5 E:\webroot\enginebase\framework\db\ar\CActiveRecord.php(2309): CActiveRecord->getDbConnection()
#6 E:\webroot\enginebase\framework\db\ar\CActiveRecord.php(387): CActiveRecordMetaData->__construct(Object(Post))
#7 E:\webroot\enginebase\framework\web\CActiveDataProvider.php(74): CActiveRecord::model('Post')
#8 E:\webroot\enginebase\demos\blog\protected\controllers\PostController.php(132): CActiveDataProvider->__construct('Post', Array)
#9 E:\webroot\enginebase\framework\web\actions\CInlineAction.php(49): PostController->actionIndex()
#10 E:\webroot\enginebase\framework\web\CController.php(308): CInlineAction->runWithParams(Array)
#11 E:\webroot\enginebase\framework\web\filters\CFilterChain.php(133): CController->runAction(Object(CInlineAction))
#12 E:\webroot\enginebase\framework\web\filters\CFilter.php(40): CFilterChain->run()
#13 E:\webroot\enginebase\framework\web\CController.php(1145): CFilter->filter(Object(CFilterChain))
#14 E:\webroot\enginebase\framework\web\filters\CInlineFilter.php(58): CController->filterAccessControl(Object(CFilterChain))
#15 E:\webroot\enginebase\framework\web\filters\CFilterChain.php(130): CInlineFilter->filter(Object(CFilterChain))
#16 E:\webroot\enginebase\framework\web\CController.php(291): CFilterChain->run()
#17 E:\webroot\enginebase\framework\web\CController.php(265): CController->runActionWithFilters(Object(CInlineAction), Array)
#18 E:\webroot\enginebase\framework\web\CWebApplication.php(282): CController->run('')
#19 E:\webroot\enginebase\framework\web\CWebApplication.php(141): CWebApplication->runController('')
#20 E:\webroot\enginebase\framework\base\CApplication.php(169): CWebApplication->processRequest()
#21 E:\webroot\enginebase\demos\blog\index.php(11): CApplication->run()
#22 {main}
REQUEST_URI=/enginebase/demos/blog/
---
